<?xml version="1.0" encoding="UTF-8"?>
<!-- Generated by org.testng.reporters.JUnitReportReporter -->
<testsuite skipped="0" hostname="dsinabr01ina4" name="com.demo.testCases.LoginTC_001" tests="1" failures="0" timestamp="2019-10-24T14:39:59 IST" time="4.548" errors="0">
  <testcase name="LoginTest" time="4.548" classname="com.demo.testCases.LoginTC_001"/>
</testsuite> <!-- com.demo.testCases.LoginTC_001 -->
