<?xml version="1.0" encoding="UTF-8"?>
<!-- Generated by org.testng.reporters.JUnitReportReporter -->
<testsuite skipped="0" hostname="dsinabr01ina4" name="TestngTest.honeycombLogin" tests="1" failures="0" timestamp="2019-09-18T15:51:54 IST" time="5.301" errors="0">
  <testcase name="login" time="5.301" classname="TestngTest.honeycombLogin"/>
</testsuite> <!-- TestngTest.honeycombLogin -->
