<?xml version="1.0" encoding="UTF-8"?>
<!-- Generated by org.testng.reporters.JUnitReportReporter -->
<testsuite skipped="0" hostname="dsinabr01ina4" name="honeycombLogin" tests="1" failures="0" timestamp="2019-09-17T10:22:51 IST" time="7.705" errors="0">
  <testcase name="login" time="7.705" classname="honeycombLogin"/>
</testsuite> <!-- honeycombLogin -->
