<?xml version="1.0" encoding="UTF-8"?>
<!-- Generated by org.testng.reporters.JUnitReportReporter -->
<testsuite skipped="0" hostname="dsinabr01ina4" name="TestngTest.honeycombLogin" tests="1" failures="0" timestamp="2019-09-18T17:13:07 IST" time="6.199" errors="0">
  <testcase name="login" time="6.199" classname="TestngTest.honeycombLogin"/>
</testsuite> <!-- TestngTest.honeycombLogin -->
