<?xml version="1.0" encoding="UTF-8"?>
<!-- Generated by org.testng.reporters.JUnitReportReporter -->
<testsuite skipped="0" hostname="dsinabr01ina4" name="TestngTest.honeycombLogin" tests="2" failures="0" timestamp="2019-10-16T12:20:46 IST" time="8.325" errors="0">
  <testcase name="login" time="7.880" classname="TestngTest.honeycombLogin"/>
  <testcase name="takeScreenshot" time="0.445" classname="TestngTest.honeycombLogin"/>
</testsuite> <!-- TestngTest.honeycombLogin -->
